{"level":"error","message":"Error creando Grupo: error: el valor nulo en la columna «materia_id» de la relación «grupos» viola la restricción de no nulo","timestamp":"2025-02-27 14:08:48"}
{"level":"info","message":"Grupo creado: undefined","timestamp":"2025-02-27 14:12:52"}
{"level":"info","message":"Grupos Obtenido: undefined","timestamp":"2025-02-27 14:31:01"}
{"level":"info","message":"Servidor listo en el puerto: 4000","timestamp":"2025-02-27 14:44:27"}
{"level":"info","message":"Swagger en http://localhost:4000/api-docs","timestamp":"2025-02-27 14:44:27"}
{"level":"info","message":"Conexión a PostgreSQL exitosa","timestamp":"2025-02-27 14:44:52"}
{"level":"info","message":"Servidor listo en el puerto: 4000","timestamp":"2025-02-27 14:44:52"}
{"level":"info","message":"Swagger en http://localhost:4000/api-docs","timestamp":"2025-02-27 14:44:52"}
{"level":"info","message":"Conexión a PostgreSQL exitosa","timestamp":"2025-02-27 14:46:59"}
{"level":"info","message":"Servidor listo en el puerto: 4000","timestamp":"2025-02-27 14:46:59"}
{"level":"info","message":"Swagger en http://localhost:4000/api-docs","timestamp":"2025-02-27 14:46:59"}
{"level":"info","message":"Conexión a PostgreSQL exitosa","timestamp":"2025-02-27 14:47:23"}
{"level":"info","message":"Servidor listo en el puerto: 4000","timestamp":"2025-02-27 14:47:23"}
{"level":"info","message":"Swagger en http://localhost:4000/api-docs","timestamp":"2025-02-27 14:47:23"}
{"level":"info","message":"Conexión a PostgreSQL exitosa","timestamp":"2025-02-27 14:47:36"}
{"level":"info","message":"Servidor listo en el puerto: 4000","timestamp":"2025-02-27 14:47:36"}
{"level":"info","message":"Swagger en http://localhost:4000/api-docs","timestamp":"2025-02-27 14:47:36"}
{"level":"info","message":"Conexión a PostgreSQL exitosa","timestamp":"2025-02-27 14:48:07"}
{"level":"info","message":"Servidor listo en el puerto: 4000","timestamp":"2025-02-27 14:48:07"}
{"level":"info","message":"Swagger en http://localhost:4000/api-docs","timestamp":"2025-02-27 14:48:07"}
{"level":"info","message":"Conexión a PostgreSQL exitosa","timestamp":"2025-02-27 14:48:30"}
{"level":"info","message":"Servidor listo en el puerto: 4000","timestamp":"2025-02-27 14:48:30"}
{"level":"info","message":"Swagger en http://localhost:4000/api-docs","timestamp":"2025-02-27 14:48:30"}
{"level":"info","message":"Conexión a PostgreSQL exitosa","timestamp":"2025-02-27 14:50:43"}
{"level":"info","message":"Servidor listo en el puerto: 4000","timestamp":"2025-02-27 14:50:43"}
{"level":"info","message":"Swagger en http://localhost:4000/api-docs","timestamp":"2025-02-27 14:50:43"}
{"level":"info","message":"Conexión a PostgreSQL exitosa","timestamp":"2025-02-27 14:52:11"}
{"level":"info","message":"Servidor listo en el puerto: 4000","timestamp":"2025-02-27 14:52:11"}
{"level":"info","message":"Swagger en http://localhost:4000/api-docs","timestamp":"2025-02-27 14:52:11"}
{"level":"info","message":"Conexión a PostgreSQL exitosa","timestamp":"2025-02-27 14:52:42"}
{"level":"info","message":"Servidor listo en el puerto: 4000","timestamp":"2025-02-27 14:52:42"}
{"level":"info","message":"Swagger en http://localhost:4000/api-docs","timestamp":"2025-02-27 14:52:42"}
{"level":"info","message":"Conexión a PostgreSQL exitosa","timestamp":"2025-02-27 14:53:17"}
{"level":"info","message":"Servidor listo en el puerto: 4000","timestamp":"2025-02-27 14:53:17"}
{"level":"info","message":"Swagger en http://localhost:4000/api-docs","timestamp":"2025-02-27 14:53:17"}
{"level":"info","message":"Conexión a PostgreSQL exitosa","timestamp":"2025-02-27 14:54:37"}
{"level":"info","message":"Servidor listo en el puerto: 4000","timestamp":"2025-02-27 14:54:37"}
{"level":"info","message":"Swagger en http://localhost:4000/api-docs","timestamp":"2025-02-27 14:54:37"}
{"level":"info","message":"Conexión a PostgreSQL exitosa","timestamp":"2025-02-27 14:55:09"}
{"level":"info","message":"Servidor listo en el puerto: 4000","timestamp":"2025-02-27 14:55:09"}
{"level":"info","message":"Swagger en http://localhost:4000/api-docs","timestamp":"2025-02-27 14:55:09"}
{"level":"info","message":"Conexión a PostgreSQL exitosa","timestamp":"2025-02-27 14:55:40"}
{"level":"info","message":"Servidor listo en el puerto: 4000","timestamp":"2025-02-27 14:55:40"}
{"level":"info","message":"Swagger en http://localhost:4000/api-docs","timestamp":"2025-02-27 14:55:40"}
{"level":"info","message":"Conexión a PostgreSQL exitosa","timestamp":"2025-02-27 14:55:45"}
{"level":"info","message":"Servidor listo en el puerto: 4000","timestamp":"2025-02-27 14:55:45"}
{"level":"info","message":"Swagger en http://localhost:4000/api-docs","timestamp":"2025-02-27 14:55:45"}
{"level":"info","message":"Conexión a PostgreSQL exitosa","timestamp":"2025-02-27 14:55:52"}
{"level":"info","message":"Servidor listo en el puerto: 4000","timestamp":"2025-02-27 14:55:52"}
{"level":"info","message":"Swagger en http://localhost:4000/api-docs","timestamp":"2025-02-27 14:55:52"}
{"level":"info","message":"Conexión a PostgreSQL exitosa","timestamp":"2025-02-27 14:57:15"}
{"level":"info","message":"Servidor listo en el puerto: 4000","timestamp":"2025-02-27 14:57:15"}
{"level":"info","message":"Swagger en http://localhost:4000/api-docs","timestamp":"2025-02-27 14:57:15"}
{"level":"info","message":"Grupos Obtenido: undefined","timestamp":"2025-02-27 14:57:21"}
{"level":"info","message":"Grupos Obtenido: undefined","timestamp":"2025-02-27 14:57:39"}
{"level":"info","message":"Conexión a PostgreSQL exitosa","timestamp":"2025-02-27 14:59:25"}
{"level":"info","message":"Servidor listo en el puerto: 4000","timestamp":"2025-02-27 14:59:25"}
{"level":"info","message":"Swagger en http://localhost:4000/api-docs","timestamp":"2025-02-27 14:59:25"}
{"level":"info","message":"Conexión a PostgreSQL exitosa","timestamp":"2025-02-27 15:01:43"}
{"level":"info","message":"Servidor listo en el puerto: 4000","timestamp":"2025-02-27 15:01:44"}
{"level":"info","message":"Documentacion de Apis con Swagger en http://localhost:4000/api-docs","timestamp":"2025-02-27 15:01:44"}
{"level":"info","message":"Conexión a PostgreSQL exitosa","timestamp":"2025-02-27 15:02:20"}
{"level":"info","message":"Servidor listo en el puerto: 4000","timestamp":"2025-02-27 15:02:20"}
{"level":"info","message":"Documentacion de Apis con Swagger en http://localhost:4000/api-docs","timestamp":"2025-02-27 15:02:20"}
{"level":"info","message":"Conexión a PostgreSQL exitosa","timestamp":"2025-02-27 15:03:31"}
{"level":"info","message":"Servidor listo en el puerto: 4000","timestamp":"2025-02-27 15:03:31"}
{"level":"info","message":"Documentacion de Apis con Swagger en http://localhost:4000/api-docs","timestamp":"2025-02-27 15:03:31"}
{"level":"info","message":"Conexión a PostgreSQL exitosa","timestamp":"2025-02-27 15:04:47"}
{"level":"info","message":"Servidor listo en el puerto: 4000","timestamp":"2025-02-27 15:04:47"}
{"level":"info","message":"Documentacion de Apis con Swagger en http://localhost:4000/api-docs","timestamp":"2025-02-27 15:04:47"}
{"level":"info","message":"Conexión a PostgreSQL exitosa","timestamp":"2025-02-27 15:04:57"}
{"level":"info","message":"Servidor listo en el puerto: 4000","timestamp":"2025-02-27 15:04:57"}
{"level":"info","message":"Documentacion de Apis con Swagger en http://localhost:4000/api-docs","timestamp":"2025-02-27 15:04:57"}
{"level":"info","message":"Conexión a PostgreSQL exitosa","timestamp":"2025-02-27 15:06:58"}
{"level":"info","message":"Servidor listo en el puerto: 4000","timestamp":"2025-02-27 15:06:58"}
{"level":"info","message":"Documentacion de Apis con Swagger en http://localhost:4000/api-docs","timestamp":"2025-02-27 15:06:58"}
{"level":"info","message":"Grupo creado: undefined","timestamp":"2025-02-27 15:07:39"}
{"level":"info","message":"Conexión a PostgreSQL exitosa","timestamp":"2025-02-27 15:08:52"}
{"level":"info","message":"Servidor listo en el puerto: 4000","timestamp":"2025-02-27 15:08:52"}
{"level":"info","message":"Documentacion de Apis con Swagger en http://localhost:4000/api-docs","timestamp":"2025-02-27 15:08:52"}
{"level":"info","message":"Conexión a PostgreSQL exitosa","timestamp":"2025-02-27 15:09:14"}
{"level":"info","message":"Servidor listo en el puerto: 4000","timestamp":"2025-02-27 15:09:14"}
{"level":"info","message":"Documentacion de Apis con Swagger en http://localhost:4000/api-docs","timestamp":"2025-02-27 15:09:14"}
{"level":"info","message":"Conexión a PostgreSQL exitosa","timestamp":"2025-02-27 15:09:46"}
{"level":"info","message":"Servidor listo en el puerto: 4000","timestamp":"2025-02-27 15:09:46"}
{"level":"info","message":"Documentacion de Apis con Swagger en http://localhost:4000/api-docs","timestamp":"2025-02-27 15:09:46"}
{"level":"info","message":"Conexión a PostgreSQL exitosa","timestamp":"2025-02-27 15:10:04"}
{"level":"info","message":"Servidor listo en el puerto: 4000","timestamp":"2025-02-27 15:10:04"}
{"level":"info","message":"Documentacion de Apis con Swagger en http://localhost:4000/api-docs","timestamp":"2025-02-27 15:10:04"}
